MongoServerError: E11000 duplicate key error collection: suchak.users index: email_1 dup key: { email: null }
    at InsertOneOperation.handleOk (C:\Users\HP\OneDrive\Desktop\Suchak 3.0\backend\node_modules\mongodb\lib\operations\insert.js:51:19)
    at tryOperation (C:\Users\HP\OneDrive\Desktop\Suchak 3.0\backend\node_modules\mongodb\lib\operations\execute_operation.js:217:34)
    at process.processTicksAndRejections (node:internal/process/task_queues:104:5)
    at async executeOperation (C:\Users\HP\OneDrive\Desktop\Suchak 3.0\backend\node_modules\mongodb\lib\operations\execute_operation.js:80:16)
    at async Collection.insertOne (C:\Users\HP\OneDrive\Desktop\Suchak 3.0\backend\node_modules\mongodb\lib\collection.js:154:16)
    at async model.$__save (C:\Users\HP\OneDrive\Desktop\Suchak 3.0\backend\node_modules\mongoose\lib\model.js:425:16)
    at async model.save (C:\Users\HP\OneDrive\Desktop\Suchak 3.0\backend\node_modules\mongoose\lib\model.js:664:5)
    at async C:\Users\HP\OneDrive\Desktop\Suchak 3.0\backend\routes\authRoutes.js:26:5
MongoServerError: E11000 duplicate key error collection: suchak.users index: email_1 dup key: { email: null }
    at InsertOneOperation.handleOk (C:\Users\HP\OneDrive\Desktop\Suchak 3.0\backend\node_modules\mongodb\lib\operations\insert.js:51:19)
    at tryOperation (C:\Users\HP\OneDrive\Desktop\Suchak 3.0\backend\node_modules\mongodb\lib\operations\execute_operation.js:217:34)
    at process.processTicksAndRejections (node:internal/process/task_queues:104:5)
    at async executeOperation (C:\Users\HP\OneDrive\Desktop\Suchak 3.0\backend\node_modules\mongodb\lib\operations\execute_operation.js:80:16)
    at async Collection.insertOne (C:\Users\HP\OneDrive\Desktop\Suchak 3.0\backend\node_modules\mongodb\lib\collection.js:154:16)
    at async model.$__save (C:\Users\HP\OneDrive\Desktop\Suchak 3.0\backend\node_modules\mongoose\lib\model.js:425:16)
    at async model.save (C:\Users\HP\OneDrive\Desktop\Suchak 3.0\backend\node_modules\mongoose\lib\model.js:664:5)
    at async C:\Users\HP\OneDrive\Desktop\Suchak 3.0\backend\routes\authRoutes.js:26:5
MongoServerError: E11000 duplicate key error collection: suchak.users index: email_1 dup key: { email: null }
    at InsertOneOperation.handleOk (C:\Users\HP\OneDrive\Desktop\Suchak 3.0\backend\node_modules\mongodb\lib\operations\insert.js:51:19)
    at tryOperation (C:\Users\HP\OneDrive\Desktop\Suchak 3.0\backend\node_modules\mongodb\lib\operations\execute_operation.js:217:34)
    at process.processTicksAndRejections (node:internal/process/task_queues:104:5)
    at async executeOperation (C:\Users\HP\OneDrive\Desktop\Suchak 3.0\backend\node_modules\mongodb\lib\operations\execute_operation.js:80:16)
    at async Collection.insertOne (C:\Users\HP\OneDrive\Desktop\Suchak 3.0\backend\node_modules\mongodb\lib\collection.js:154:16)
    at async model.$__save (C:\Users\HP\OneDrive\Desktop\Suchak 3.0\backend\node_modules\mongoose\lib\model.js:425:16)
    at async model.save (C:\Users\HP\OneDrive\Desktop\Suchak 3.0\backend\node_modules\mongoose\lib\model.js:664:5)
    at async C:\Users\HP\OneDrive\Desktop\Suchak 3.0\backend\routes\authRoutes.js:26:5
MongoServerError: E11000 duplicate key error collection: suchak.users index: email_1 dup key: { email: null }
    at InsertOneOperation.handleOk (C:\Users\HP\OneDrive\Desktop\Suchak 3.0\backend\node_modules\mongodb\lib\operations\insert.js:51:19)
    at tryOperation (C:\Users\HP\OneDrive\Desktop\Suchak 3.0\backend\node_modules\mongodb\lib\operations\execute_operation.js:217:34)
    at process.processTicksAndRejections (node:internal/process/task_queues:104:5)
    at async executeOperation (C:\Users\HP\OneDrive\Desktop\Suchak 3.0\backend\node_modules\mongodb\lib\operations\execute_operation.js:80:16)
    at async Collection.insertOne (C:\Users\HP\OneDrive\Desktop\Suchak 3.0\backend\node_modules\mongodb\lib\collection.js:154:16)
    at async model.$__save (C:\Users\HP\OneDrive\Desktop\Suchak 3.0\backend\node_modules\mongoose\lib\model.js:425:16)
    at async model.save (C:\Users\HP\OneDrive\Desktop\Suchak 3.0\backend\node_modules\mongoose\lib\model.js:664:5)
    at async C:\Users\HP\OneDrive\Desktop\Suchak 3.0\backend\routes\authRoutes.js:26:5
MongoServerError: E11000 duplicate key error collection: suchak.users index: email_1 dup key: { email: null }
    at InsertOneOperation.handleOk (C:\Users\HP\OneDrive\Desktop\Suchak 3.0\backend\node_modules\mongodb\lib\operations\insert.js:51:19)
    at tryOperation (C:\Users\HP\OneDrive\Desktop\Suchak 3.0\backend\node_modules\mongodb\lib\operations\execute_operation.js:217:34)
    at process.processTicksAndRejections (node:internal/process/task_queues:104:5)
    at async executeOperation (C:\Users\HP\OneDrive\Desktop\Suchak 3.0\backend\node_modules\mongodb\lib\operations\execute_operation.js:80:16)
    at async Collection.insertOne (C:\Users\HP\OneDrive\Desktop\Suchak 3.0\backend\node_modules\mongodb\lib\collection.js:154:16)
    at async model.$__save (C:\Users\HP\OneDrive\Desktop\Suchak 3.0\backend\node_modules\mongoose\lib\model.js:425:16)
    at async model.save (C:\Users\HP\OneDrive\Desktop\Suchak 3.0\backend\node_modules\mongoose\lib\model.js:664:5)
    at async C:\Users\HP\OneDrive\Desktop\Suchak 3.0\backend\routes\authRoutes.js:26:5
MongoServerError: E11000 duplicate key error collection: suchak.users index: email_1 dup key: { email: null }
    at InsertOneOperation.handleOk (C:\Users\HP\OneDrive\Desktop\Suchak 3.0\backend\node_modules\mongodb\lib\operations\insert.js:51:19)
    at tryOperation (C:\Users\HP\OneDrive\Desktop\Suchak 3.0\backend\node_modules\mongodb\lib\operations\execute_operation.js:217:34)
    at process.processTicksAndRejections (node:internal/process/task_queues:104:5)
    at async executeOperation (C:\Users\HP\OneDrive\Desktop\Suchak 3.0\backend\node_modules\mongodb\lib\operations\execute_operation.js:80:16)
    at async Collection.insertOne (C:\Users\HP\OneDrive\Desktop\Suchak 3.0\backend\node_modules\mongodb\lib\collection.js:154:16)
    at async model.$__save (C:\Users\HP\OneDrive\Desktop\Suchak 3.0\backend\node_modules\mongoose\lib\model.js:425:16)
    at async model.save (C:\Users\HP\OneDrive\Desktop\Suchak 3.0\backend\node_modules\mongoose\lib\model.js:664:5)
    at async C:\Users\HP\OneDrive\Desktop\Suchak 3.0\backend\routes\authRoutes.js:26:5
